<?xml version="1.0" encoding="UTF-8"?>
<!-- Generated by org.testng.reporters.JUnitReportReporter -->
<testsuite hostname="Salma" failures="0" tests="2" name="tests.LoginToAccountTest" time="29.850" errors="0" timestamp="2025-02-27T11:49:27 EST" skipped="0">
  <testcase classname="tests.LoginToAccountTest" name="verifyLoginTest1" time="14.045"/>
  <testcase classname="tests.LoginToAccountTest" name="verifyLoginTest" time="15.805"/>
</testsuite> <!-- tests.LoginToAccountTest -->
